# Waveform file 'D:/work/TI/dragonslair/cart/cpld/untitled.awc' connected to 'D:/work/TI/dragonslair/cart/cpld/work/src/wave.asdb'.
adel -all
# Library contents cleared.
vcom design.vhd
# Compile...
# Warning: DAGGEN_0523: The source is compiled without the -dbg switch. Line breakpoints and assertion debug will not be available.
# File: design.vhd
# Compile Entity "gigacart"
# Compile Architecture "myarch" of Entity "gigacart"
# Compile success 0 Errors 0 Warnings  Analysis time :  0.4 [s]
vcom autotest.vhd
# Compile...
# Warning: DAGGEN_0523: The source is compiled without the -dbg switch. Line breakpoints and assertion debug will not be available.
# File: autotest.vhd
# Compile Entity "testbench"
# Compile Architecture "behavior" of Entity "testbench"
# Error: ELAB1_0021: autotest.vhd : (51, 0): Types do not match for port "ti_adr".
# Error: ELAB1_0021: autotest.vhd : (51, 0): Types do not match for port "ti_data".
# Error: ELAB1_0021: autotest.vhd : (51, 0): Types do not match for port "out_adr".
# Error: ELAB1_0021: autotest.vhd : (51, 0): Types do not match for port "out_data".
# Error: COMP96_0367: autotest.vhd : (75, 12): Improper array length (12). Expected length is 13.
# Error: COMP96_0367: autotest.vhd : (87, 12): Improper array length (12). Expected length is 13.
# Error: COMP96_0078: autotest.vhd : (90, 2): Unknown identifier "ti_grom".
# Error: COMP96_0133: autotest.vhd : (90, 2): Cannot find object declaration.
# Error: COMP96_0078: autotest.vhd : (93, 2): Unknown identifier "ti_grom".
# Error: COMP96_0133: autotest.vhd : (93, 2): Cannot find object declaration.
# Error: COMP96_0367: autotest.vhd : (99, 12): Improper array length (12). Expected length is 13.
# Error: COMP96_0078: autotest.vhd : (100, 2): Unknown identifier "ti_grom".
# Error: COMP96_0133: autotest.vhd : (100, 2): Cannot find object declaration.
# Error: COMP96_0078: autotest.vhd : (103, 2): Unknown identifier "ti_grom".
# Error: COMP96_0133: autotest.vhd : (103, 2): Cannot find object declaration.
# Error: COMP96_0078: autotest.vhd : (106, 2): Unknown identifier "ti_grom".
# Error: COMP96_0133: autotest.vhd : (106, 2): Cannot find object declaration.
# Error: COMP96_0078: autotest.vhd : (109, 2): Unknown identifier "ti_grom".
# Error: COMP96_0133: autotest.vhd : (109, 2): Cannot find object declaration.
# Compile failure 19 Errors 0 Warnings  Analysis time :  31.0 [ms]
vsim +access +r testbench
# ELBREAD: Elaboration process.
# ELBREAD: Error: Architecture 'testbench' of entity 'testbench' not found in library 'work'.
# ELBREAD: Error: Elaboration process completed with errors.
# Design: Error: Elaboration failed
# Error: vsim: cannot select specified top-level
do -tcl autotest_vhdaf.udo
add wave *
# Warning: WAVEFORM: Object matching /* not found in D:/work/TI/dragonslair/cart/cpld/work/src/wave.asdb.
# Error: Simulation not initialized.
#     while executing
# "error "Simulation not initialized.""
#     (procedure "run" line 6)
#     invoked from within
# "run 1000 ns"
#     (file "D:/work/TI/dragonslair/cart/cpld/autotest_vhdaf.udo" line 7)
#     invoked from within
# "source {D:/work/TI/dragonslair/cart/cpld/autotest_vhdaf.udo}"
#     invoked from within
# "interp eval $slave "source $source_file""
# ELBREAD: Elaboration process.
# ELBREAD: Elaboration time 0.0 [s].
# ELBREAD: Elaboration process.
# ELBREAD: Elaboration time 0.0 [s].
asim -O5 +access +r +m+gigacart gigacart myarch
# ELBREAD: Elaboration process.
# ELBREAD: Elaboration time 0.0 [s].
# asim: Stack memory: 32MB
# asim: Retval memory: 32MB
# 
# KERNEL: Main thread initiated.
# KERNEL: Kernel process initialization phase.
# KERNEL: Time resolution set to 1ps.
# ELAB2: Elaboration final pass...
# ELAB2: Create instances ...
# ELAB2: Create instances complete.
# SLP: Started
# SLP: Elaboration phase ...
# SLP: Elaboration phase ... skipped, nothing to simulate in SLP mode : 0.0 [s]
# SLP: Finished : 0.0 [s]
# ELAB2: Elaboration final pass complete - time: 0.1 [s].
# KERNEL: Warning: You are using the Active-HDL Lattice Edition. The performance of simulation is running at a reduced rate.
# KERNEL: Warning: Contact Aldec for available upgrade options - sales@aldec.com.
# KERNEL: Kernel process initialization done.
# Allocation: Simulator allocated 6977 kB (elbread=1023 elab2=5804 kernel=149 sdf=0)
# KERNEL: ASDB file was created in location D:\work\TI\dragonslair\cart\cpld\work\src\wave.asdb
#  12:32 AM, Monday, September 24, 2018
#  Simulation has been initialized
#  Selected Top-Level: gigacart (myarch)
# Waveform file 'D:/work/TI/dragonslair/cart/cpld/untitled.awc' connected to 'D:/work/TI/dragonslair/cart/cpld/work/src/wave.asdb'.
# add wave -noreg {/gigacart/ti_adr}
# add wave -noreg {/gigacart/ti_data}
# add wave -noreg {/gigacart/ti_we}
# add wave -noreg {/gigacart/ti_rom}
# add wave -noreg {/gigacart/ti_gsel}
# add wave -noreg {/gigacart/out_adr}
# add wave -noreg {/gigacart/out_data}
# add wave -noreg {/gigacart/out_reset}
# add wave -noreg {/gigacart/latch}
# add wave -noreg {/gigacart/bounce}
# add wave -noreg {/gigacart/grmadr}
# add wave -noreg {/gigacart/grminc}
# add wave -noreg {/gigacart/grmpage}
# add wave -noreg {/gigacart/gvalid}
# 14 signal(s) traced.
run
# KERNEL: Simulation has finished. There are no more test vectors to simulate.
#  Simulation has been stopped
# ELBREAD: Elaboration process.
# ELBREAD: Elaboration time 0.0 [s].
# ELBREAD: Elaboration process.
# ELBREAD: Elaboration time 0.0 [s].
# ELBREAD: Elaboration process.
# ELBREAD: Elaboration time 0.0 [s].
asim -O5 +access +r +m+gigacart gigacart myarch
# ELBREAD: Elaboration process.
# ELBREAD: Elaboration time 0.0 [s].
# asim: Stack memory: 32MB
# asim: Retval memory: 32MB
# 
# KERNEL: Main thread initiated.
# KERNEL: Kernel process initialization phase.
# KERNEL: Time resolution set to 1ps.
# ELAB2: Elaboration final pass...
# ELAB2: Create instances ...
# ELAB2: Create instances complete.
# SLP: Started
# SLP: Elaboration phase ...
# SLP: Elaboration phase ... skipped, nothing to simulate in SLP mode : 0.0 [s]
# SLP: Finished : 0.0 [s]
# ELAB2: Elaboration final pass complete - time: 0.1 [s].
# KERNEL: Warning: You are using the Active-HDL Lattice Edition. The performance of simulation is running at a reduced rate.
# KERNEL: Warning: Contact Aldec for available upgrade options - sales@aldec.com.
# KERNEL: Kernel process initialization done.
# Allocation: Simulator allocated 6977 kB (elbread=1023 elab2=5804 kernel=149 sdf=0)
# KERNEL: ASDB file was created in location D:\work\TI\dragonslair\cart\cpld\work\src\wave.asdb
#  12:36 AM, Monday, September 24, 2018
#  Simulation has been initialized
#  Selected Top-Level: gigacart (myarch)
# Waveform file 'D:/work/TI/dragonslair/cart/cpld/untitled.awc' connected to 'D:/work/TI/dragonslair/cart/cpld/work/src/wave.asdb'.
# add wave -noreg {/gigacart/ti_data}
# 1 signal(s) traced.
restart
# ELBREAD: Elaboration process.
# ELBREAD: Elaboration time 0.0 [s].
# 
# KERNEL: Main thread initiated.
# KERNEL: Kernel process initialization phase.
# KERNEL: Time resolution set to 1ps.
# ELAB2: Elaboration final pass...
# ELAB2: Create instances ...
# ELAB2: Create instances complete.
# SLP: Started
# SLP: Elaboration phase ...
# SLP: Elaboration phase ... skipped, nothing to simulate in SLP mode : 0.0 [s]
# SLP: Finished : 0.0 [s]
# ELAB2: Elaboration final pass complete - time: 0.0 [s].
# KERNEL: Warning: You are using the Active-HDL Lattice Edition. The performance of simulation is running at a reduced rate.
# KERNEL: Warning: Contact Aldec for available upgrade options - sales@aldec.com.
# KERNEL: Kernel process initialization done.
# Allocation: Simulator allocated 6977 kB (elbread=1023 elab2=5804 kernel=149 sdf=0)
# KERNEL: ASDB file was created in location D:\work\TI\dragonslair\cart\cpld\work\src\wave.asdb
#  12:36 AM, Monday, September 24, 2018
#  Simulation has been initialized
#  Selected Top-Level: gigacart (myarch)
# Waveform file 'D:/work/TI/dragonslair/cart/cpld/untitled.awc' connected to 'D:/work/TI/dragonslair/cart/cpld/work/src/wave.asdb'.
run
# KERNEL: Simulation has finished. There are no more test vectors to simulate.
#  Simulation has been stopped
# ELBREAD: Elaboration process.
# ELBREAD: Elaboration time 0.0 [s].
asim -O5 +access +r +m+gigacart gigacart myarch
# ELBREAD: Elaboration process.
# ELBREAD: Elaboration time 0.0 [s].
# asim: Stack memory: 32MB
# asim: Retval memory: 32MB
# 
# KERNEL: Main thread initiated.
# KERNEL: Kernel process initialization phase.
# KERNEL: Time resolution set to 1ps.
# ELAB2: Elaboration final pass...
# ELAB2: Create instances ...
# ELAB2: Create instances complete.
# SLP: Started
# SLP: Elaboration phase ...
# SLP: Elaboration phase ... skipped, nothing to simulate in SLP mode : 0.0 [s]
# SLP: Finished : 0.0 [s]
# ELAB2: Elaboration final pass complete - time: 0.1 [s].
# KERNEL: Warning: You are using the Active-HDL Lattice Edition. The performance of simulation is running at a reduced rate.
# KERNEL: Warning: Contact Aldec for available upgrade options - sales@aldec.com.
# KERNEL: Kernel process initialization done.
# Allocation: Simulator allocated 6977 kB (elbread=1023 elab2=5804 kernel=149 sdf=0)
# KERNEL: ASDB file was created in location D:\work\TI\dragonslair\cart\cpld\work\src\wave.asdb
#  12:36 AM, Monday, September 24, 2018
#  Simulation has been initialized
#  Selected Top-Level: gigacart (myarch)
# Waveform file 'D:/work/TI/dragonslair/cart/cpld/untitled.awc' connected to 'D:/work/TI/dragonslair/cart/cpld/work/src/wave.asdb'.
# add wave -noreg {/gigacart/ti_adr}
# add wave -noreg {/gigacart/ti_data}
# add wave -noreg {/gigacart/ti_we}
# add wave -noreg {/gigacart/ti_rom}
# add wave -noreg {/gigacart/ti_gsel}
# add wave -noreg {/gigacart/out_adr}
# add wave -noreg {/gigacart/out_data}
# add wave -noreg {/gigacart/out_reset}
# add wave -noreg {/gigacart/latch}
# add wave -noreg {/gigacart/bounce}
# add wave -noreg {/gigacart/grmadr}
# add wave -noreg {/gigacart/grminc}
# add wave -noreg {/gigacart/grmpage}
# add wave -noreg {/gigacart/gvalid}
# 14 signal(s) traced.
# Error: You do not have valid license to run Block Diagram Editor.
# Contact Aldec for ordering information - sales@aldec.com
# Error: You do not have valid license to run Riviera-PRO. Contact Aldec for ordering information - sales@aldec.com.
# 
#  Simulation has been stopped
# ELBREAD: Elaboration process.
# ELBREAD: Elaboration time 0.0 [s].
# ELBREAD: Elaboration process.
# ELBREAD: Elaboration time 0.0 [s].
# Adding file D:\work\TI\dragonslair\cart\cpld\untitled.awc ... Done
# ELBREAD: Elaboration process.
# ELBREAD: Elaboration time 0.0 [s].
asim -O5 +access +r +m+gigacart gigacart myarch
# ELBREAD: Elaboration process.
# ELBREAD: Elaboration time 0.0 [s].
# asim: Stack memory: 32MB
# asim: Retval memory: 32MB
# 
# KERNEL: Main thread initiated.
# KERNEL: Kernel process initialization phase.
# KERNEL: Time resolution set to 1ps.
# ELAB2: Elaboration final pass...
# ELAB2: Create instances ...
# ELAB2: Create instances complete.
# SLP: Started
# SLP: Elaboration phase ...
# SLP: Elaboration phase ... skipped, nothing to simulate in SLP mode : 0.0 [s]
# SLP: Finished : 0.0 [s]
# ELAB2: Elaboration final pass complete - time: 0.1 [s].
# KERNEL: Warning: You are using the Active-HDL Lattice Edition. The performance of simulation is running at a reduced rate.
# KERNEL: Warning: Contact Aldec for available upgrade options - sales@aldec.com.
# KERNEL: Kernel process initialization done.
# Allocation: Simulator allocated 6977 kB (elbread=1023 elab2=5804 kernel=149 sdf=0)
# KERNEL: ASDB file was created in location D:\work\TI\dragonslair\cart\cpld\work\src\wave.asdb
#  12:43 AM, Monday, September 24, 2018
#  Simulation has been initialized
#  Selected Top-Level: gigacart (myarch)
run
# KERNEL: Simulation has finished. There are no more test vectors to simulate.
# Waveform file 'D:/work/TI/dragonslair/cart/cpld/untitled.awc' connected to 'D:/work/TI/dragonslair/cart/cpld/work/src/wave.asdb'.
# Warning: Cannot display signals from waveform file (AWC). The file does not match associated simulation database (ASDB).
# Warning: Open 'D:/work/TI/dragonslair/cart/cpld/work/src/wave.asdb' file to view simulation results.
# add wave -noreg {/gigacart/ti_adr}
# add wave -noreg {/gigacart/ti_data}
# add wave -noreg {/gigacart/ti_we}
# add wave -noreg {/gigacart/ti_rom}
# add wave -noreg {/gigacart/ti_gsel}
# add wave -noreg {/gigacart/out_adr}
# add wave -noreg {/gigacart/out_data}
# add wave -noreg {/gigacart/out_reset}
# add wave -noreg {/gigacart/latch}
# add wave -noreg {/gigacart/bounce}
# add wave -noreg {/gigacart/grmadr}
# add wave -noreg {/gigacart/grminc}
# add wave -noreg {/gigacart/grmpage}
# add wave -noreg {/gigacart/gvalid}
# 14 signal(s) traced.
# Waveform file 'D:/work/TI/dragonslair/cart/cpld/untitled.awc' connected to 'D:/work/TI/dragonslair/cart/cpld/work/src/wave.asdb'.
run -all
# KERNEL: Simulation has finished. There are no more test vectors to simulate.
restart
# ELBREAD: Elaboration process.
# ELBREAD: Elaboration time 0.0 [s].
# 
# KERNEL: Main thread initiated.
# KERNEL: Kernel process initialization phase.
# KERNEL: Time resolution set to 1ps.
# ELAB2: Elaboration final pass...
# ELAB2: Create instances ...
# ELAB2: Create instances complete.
# SLP: Started
# SLP: Elaboration phase ...
# SLP: Elaboration phase ... skipped, nothing to simulate in SLP mode : 0.0 [s]
# SLP: Finished : 0.0 [s]
# ELAB2: Elaboration final pass complete - time: 0.0 [s].
# KERNEL: Warning: You are using the Active-HDL Lattice Edition. The performance of simulation is running at a reduced rate.
# KERNEL: Warning: Contact Aldec for available upgrade options - sales@aldec.com.
# KERNEL: Kernel process initialization done.
# Allocation: Simulator allocated 6977 kB (elbread=1023 elab2=5804 kernel=149 sdf=0)
# KERNEL: ASDB file was created in location D:\work\TI\dragonslair\cart\cpld\work\src\wave.asdb
#  12:49 AM, Monday, September 24, 2018
#  Simulation has been initialized
#  Selected Top-Level: gigacart (myarch)
# Waveform file 'D:/work/TI/dragonslair/cart/cpld/untitled.awc' connected to 'D:/work/TI/dragonslair/cart/cpld/work/src/wave.asdb'.
run -all
# KERNEL: Simulation has finished. There are no more test vectors to simulate.
# Waveform file 'untitled.awc' connected to 'D:/work/TI/dragonslair/cart/cpld/work/src/wave.asdb'.
# Waveform file 'untitled.awc' connected to 'D:/work/TI/dragonslair/cart/cpld/work/src/untitled.asdb'.
#  Simulation has been stopped
# Adding file D:\work\TI\dragonslair\cart\cpld\untitled.awc ... Done
