Active-HDL 10.1.3088.5434  2018-09-24 00:49:20

Elaboration top modules:
Architecture                  myarch(gigacart)


-------------------------------------------------------------------------------------------
Entity   | Architecture | Library | Info | Compiler Version          | Compilation Options
-------------------------------------------------------------------------------------------
gigacart | myarch       | work    |      | 10.1.3088.5434  (Windows) | -O3
-------------------------------------------------------------------------------------------

-------------------------------------------------------------------------------------------
VHDL Package            | Library | Info | Compiler Version          | Compilation Options
-------------------------------------------------------------------------------------------
standard                | std     |      |                           | <unavailable>
TEXTIO                  | std     |      | 10.1.3088.5434  (Windows) |  -2008
std_logic_1164          | ieee    |      | 10.1.3088.5434  (Windows) |  -2008
NUMERIC_STD             | ieee    |      | 10.1.3088.5434  (Windows) |  -2008
-------------------------------------------------------------------------------------------

-------------------------------------------------------------------------------------------
Library                 | Comment
-------------------------------------------------------------------------------------------
ieee                    | Standard IEEE packages library
std                     | Standard VHDL library
work                    | None
-------------------------------------------------------------------------------------------
