Running in Lattice mode


Starting:    C:\ispLEVER_Classic2_0\synpbase\win64\mbin\synbatch.exe
Install:     C:\ispLEVER_Classic2_0\synpbase
Date:        Wed Sep 26 23:14:08 2018
Version:     I-2014.03LC 

Arguments:   -product synplify_pro  -batch d:/work/ti/dragonslair/cart/cpld\gigacart.prj
ProductType: synplify_pro





log file: "D:\work\ti\dragonslair\cart\cpld\gigacart.srr"

Generating HDL info...
hdl_info_gen Completed
Return Code: 0
Run Time:0h:00m:01s
log file: "D:\work\ti\dragonslair\cart\cpld\gigacart.srr"

Running gigacart|cpld

Running: Compile on gigacart|cpld

Running: Compile Process on gigacart|cpld

Running: Compile Input on gigacart|cpld
compiler exited with errors
Job: "compiler" terminated with error status: 2.
See log file: "D:\work\ti\dragonslair\cart\cpld\gigacart.srr"
Return Code: 2
Run Time:0h:00m:00s
Copied D:\work\ti\dragonslair\cart\cpld\gigacart.srr to D:\work\ti\dragonslair\cart\cpld\gigacart.srf

exit status=2

exit status=2

