adel -all
# Library contents cleared.
vcom design.vhd
# Compile...
# Warning: DAGGEN_0523: The source is compiled without the -dbg switch. Line breakpoints and assertion debug will not be available.
# File: design.vhd
# Compile Entity "gigacart"
# Compile Architecture "myarch" of Entity "gigacart"
# Compile success 0 Errors 0 Warnings  Analysis time :  0.3 [s]
vcom testbench.vhd
# Compile...
# Warning: DAGGEN_0523: The source is compiled without the -dbg switch. Line breakpoints and assertion debug will not be available.
# File: testbench.vhd
# Compile Entity "testbench"
# Compile Architecture "tb" of Entity "testbench"
# Error: COMP96_0100: testbench.vhd : (52, 26): Actual parameter type in port map does not match the type of the formal port 'ti_adr'.
# Error: COMP96_0100: testbench.vhd : (52, 33): Actual parameter type in port map does not match the type of the formal port 'ti_data'.
# Error: COMP96_0100: testbench.vhd : (52, 54): Actual parameter type in port map does not match the type of the formal port 'out_adr'.
# Error: COMP96_0100: testbench.vhd : (52, 66): Actual parameter type in port map does not match the type of the formal port 'out_data'.
# Compile failure 4 Errors 0 Warnings  Analysis time :  15.0 [ms]
vsim +access +r testbench
# ELBREAD: Elaboration process.
# ELBREAD: Error: Architecture 'testbench' of entity 'testbench' not found in library 'work'.
# ELBREAD: Error: Elaboration process completed with errors.
# Design: Error: Elaboration failed
# Error: vsim: cannot select specified top-level
do -tcl testbench_vhdaf.udo
add wave *
# Waveform file 'untitled.awc' connected to 'D:/work/TI/dragonslair/cart/cpld/work/src/wave.asdb'.
# Warning: WAVEFORM: Object matching /* not found in D:/work/TI/dragonslair/cart/cpld/work/src/wave.asdb.
# Error: Simulation not initialized.
#     while executing
# "error "Simulation not initialized.""
#     (procedure "run" line 6)
#     invoked from within
# "run 1000 ns"
#     (file "D:/work/TI/dragonslair/cart/cpld/testbench_vhdaf.udo" line 7)
#     invoked from within
# "source {D:/work/TI/dragonslair/cart/cpld/testbench_vhdaf.udo}"
#     invoked from within
# "interp eval $slave "source $source_file""
# ELBREAD: Elaboration process.
# ELBREAD: Elaboration time 0.0 [s].
# ELBREAD: Elaboration process.
# ELBREAD: Elaboration time 0.0 [s].
asim -O5 +access +r +m+gigacart gigacart myarch
# ELBREAD: Elaboration process.
# ELBREAD: Elaboration time 0.0 [s].
# asim: Stack memory: 32MB
# asim: Retval memory: 32MB
# 
# KERNEL: Main thread initiated.
# KERNEL: Kernel process initialization phase.
# KERNEL: Time resolution set to 1ps.
# ELAB2: Elaboration final pass...
# ELAB2: Create instances ...
# ELAB2: Create instances complete.
# SLP: Started
# SLP: Elaboration phase ...
# SLP: Elaboration phase ... skipped, nothing to simulate in SLP mode : 0.0 [s]
# SLP: Finished : 0.0 [s]
# ELAB2: Elaboration final pass complete - time: 0.1 [s].
# KERNEL: Warning: You are using the Active-HDL Lattice Edition. The performance of simulation is running at a reduced rate.
# KERNEL: Warning: Contact Aldec for available upgrade options - sales@aldec.com.
# KERNEL: Kernel process initialization done.
# Allocation: Simulator allocated 6953 kB (elbread=1023 elab2=5780 kernel=149 sdf=0)
# KERNEL: ASDB file was created in location D:\work\TI\dragonslair\cart\cpld\work\src\wave.asdb
#  10:39 PM, Thursday, March 1, 2018
#  Simulation has been initialized
#  Selected Top-Level: gigacart (myarch)
# Waveform file 'untitled.awc' connected to 'D:/work/TI/dragonslair/cart/cpld/work/src/wave.asdb'.
run
# KERNEL: Simulation has finished. There are no more test vectors to simulate.
run
# KERNEL: Simulation has finished. There are no more test vectors to simulate.
run
# KERNEL: Simulation has finished. There are no more test vectors to simulate.
# Error: You do not have valid license to run Riviera-PRO. Contact Aldec for ordering information - sales@aldec.com.
# 
# Error: You do not have valid license to run ALINT. Contact Aldec for ordering information - sales@aldec.com.
# 
endsim
#  Simulation has been stopped
asim -O5 +access +r +m+gigacart gigacart myarch
# ELBREAD: Elaboration process.
# ELBREAD: Elaboration time 0.0 [s].
# asim: Stack memory: 32MB
# asim: Retval memory: 32MB
# 
# KERNEL: Main thread initiated.
# KERNEL: Kernel process initialization phase.
# KERNEL: Time resolution set to 1ps.
# ELAB2: Elaboration final pass...
# ELAB2: Create instances ...
# ELAB2: Create instances complete.
# SLP: Started
# SLP: Elaboration phase ...
# SLP: Elaboration phase ... skipped, nothing to simulate in SLP mode : 0.0 [s]
# SLP: Finished : 0.0 [s]
# ELAB2: Elaboration final pass complete - time: 0.1 [s].
# KERNEL: Warning: You are using the Active-HDL Lattice Edition. The performance of simulation is running at a reduced rate.
# KERNEL: Warning: Contact Aldec for available upgrade options - sales@aldec.com.
# KERNEL: Kernel process initialization done.
# Allocation: Simulator allocated 6953 kB (elbread=1023 elab2=5780 kernel=149 sdf=0)
# KERNEL: ASDB file was created in location D:\work\TI\dragonslair\cart\cpld\work\src\wave.asdb
#  10:41 PM, Thursday, March 1, 2018
#  Simulation has been initialized
#  Selected Top-Level: gigacart (myarch)
run
# KERNEL: Simulation has finished. There are no more test vectors to simulate.
#  Simulation has been stopped
# Design: Error: There are no modules selected for elaboration.
# Design: Error: Elaboration failed
# Design: Design work already active.
# 
# ELBREAD: Elaboration process.
# ELBREAD: Elaboration time 0.0 [s].
asim -O5 +access +r +m+gigacart gigacart myarch
# ELBREAD: Elaboration process.
# ELBREAD: Elaboration time 0.0 [s].
# asim: Stack memory: 32MB
# asim: Retval memory: 32MB
# 
# KERNEL: Main thread initiated.
# KERNEL: Kernel process initialization phase.
# KERNEL: Time resolution set to 1ps.
# ELAB2: Elaboration final pass...
# ELAB2: Create instances ...
# ELAB2: Create instances complete.
# SLP: Started
# SLP: Elaboration phase ...
# SLP: Elaboration phase ... skipped, nothing to simulate in SLP mode : 0.0 [s]
# SLP: Finished : 0.0 [s]
# ELAB2: Elaboration final pass complete - time: 0.1 [s].
# KERNEL: Warning: You are using the Active-HDL Lattice Edition. The performance of simulation is running at a reduced rate.
# KERNEL: Warning: Contact Aldec for available upgrade options - sales@aldec.com.
# KERNEL: Kernel process initialization done.
# Allocation: Simulator allocated 6953 kB (elbread=1023 elab2=5780 kernel=149 sdf=0)
# KERNEL: ASDB file was created in location D:\work\TI\dragonslair\cart\cpld\work\src\wave.asdb
#  10:42 PM, Thursday, March 1, 2018
#  Simulation has been initialized
#  Selected Top-Level: gigacart (myarch)
# Waveform file 'untitled.awc' connected to 'D:/work/TI/dragonslair/cart/cpld/work/src/wave.asdb'.
run
# KERNEL: Simulation has finished. There are no more test vectors to simulate.
#  Simulation has been stopped
# Adding file D:\work\TI\dragonslair\cart\cpld\work\src\untitled.asdb ... Done
# Adding file D:\work\TI\dragonslair\cart\cpld\work\src\untitled.awc ... Done
